TN:
SF:src/modules/application.js
FN:2,(anonymous_0)
FN:6,(anonymous_1)
FN:12,(anonymous_2)
FN:22,(anonymous_3)
FN:32,(anonymous_4)
FN:34,(anonymous_5)
FN:35,(anonymous_6)
FN:41,(anonymous_7)
FN:62,(anonymous_8)
FN:66,(anonymous_9)
FN:83,(anonymous_10)
FN:92,(anonymous_11)
FN:94,(anonymous_12)
FN:95,(anonymous_13)
FN:104,(anonymous_14)
FN:111,(anonymous_15)
FN:113,(anonymous_16)
FN:118,(anonymous_17)
FN:120,(anonymous_18)
FN:128,(anonymous_19)
FN:132,(anonymous_20)
FN:133,(anonymous_21)
FN:134,(anonymous_22)
FN:139,(anonymous_23)
FN:140,(anonymous_24)
FN:145,(anonymous_25)
FN:146,(anonymous_26)
FNF:27
FNH:17
FNDA:1,(anonymous_0)
FNDA:1,(anonymous_1)
FNDA:11,(anonymous_2)
FNDA:1,(anonymous_3)
FNDA:4,(anonymous_4)
FNDA:2,(anonymous_5)
FNDA:2,(anonymous_6)
FNDA:1,(anonymous_7)
FNDA:2,(anonymous_8)
FNDA:1,(anonymous_9)
FNDA:1,(anonymous_10)
FNDA:0,(anonymous_11)
FNDA:0,(anonymous_12)
FNDA:0,(anonymous_13)
FNDA:0,(anonymous_14)
FNDA:0,(anonymous_15)
FNDA:0,(anonymous_16)
FNDA:2,(anonymous_17)
FNDA:1,(anonymous_18)
FNDA:0,(anonymous_19)
FNDA:3,(anonymous_20)
FNDA:2,(anonymous_21)
FNDA:0,(anonymous_22)
FNDA:2,(anonymous_23)
FNDA:0,(anonymous_24)
FNDA:2,(anonymous_25)
FNDA:0,(anonymous_26)
DA:3,1
DA:6,1
DA:7,1
DA:8,1
DA:9,1
DA:12,1
DA:13,11
DA:14,11
DA:15,11
DA:16,1
DA:18,11
DA:19,11
DA:22,1
DA:23,1
DA:24,1
DA:25,1
DA:26,0
DA:28,1
DA:29,1
DA:32,1
DA:33,4
DA:34,4
DA:35,2
DA:36,2
DA:38,4
DA:41,1
DA:42,1
DA:43,1
DA:44,1
DA:50,1
DA:51,0
DA:52,0
DA:54,1
DA:55,1
DA:56,1
DA:57,1
DA:58,1
DA:59,1
DA:63,2
DA:64,2
DA:65,2
DA:66,2
DA:67,1
DA:77,2
DA:78,2
DA:79,2
DA:80,2
DA:83,1
DA:84,1
DA:85,1
DA:86,1
DA:87,1
DA:88,1
DA:89,1
DA:92,1
DA:93,0
DA:94,0
DA:95,0
DA:96,0
DA:97,0
DA:99,0
DA:101,0
DA:104,1
DA:105,0
DA:106,0
DA:107,0
DA:108,0
DA:111,1
DA:112,0
DA:113,0
DA:114,0
DA:115,0
DA:118,1
DA:119,2
DA:120,2
DA:121,1
DA:122,0
DA:123,0
DA:128,1
DA:129,0
DA:132,1
DA:133,3
DA:134,2
DA:135,0
DA:136,0
DA:139,3
DA:140,2
DA:141,0
DA:142,0
DA:145,3
DA:146,2
DA:147,0
DA:148,0
LF:93
LH:66
BRDA:15,0,0,1
BRDA:15,0,1,10
BRDA:25,1,0,0
BRDA:25,1,1,1
BRDA:50,2,0,0
BRDA:50,2,1,1
BRDA:96,3,0,0
BRDA:96,3,1,0
BRDA:121,4,0,0
BRDA:121,4,1,1
BRF:10
BRH:5
end_of_record
